[0402/211945.492:ERROR:file_io.cc(134)] WriteFile: There is not enough space on the disk. (0x70)
[0402/211945.498:ERROR:crash_report_exception_handler.cc(111)] WriteEverything failed
[0402/211945.501:ERROR:filesystem_win.cc(148)] DeleteFile C:\Users\SH17E9~1\AppData\Local\Temp\1\scoped_dir6236_887\Crashpad\reports\0e13a0fd-dcdc-45e3-b962-a35f521afde2.dmp: The process cannot access the file because it is being used by another process. (0x20)
[0116/181358.032:ERROR:process_memory_win.cc(73)] ReadMemory at 0x188e2de3520 of 72 bytes failed: Only part of a ReadProcessMemory or WriteProcessMemory request was completed. (0x12B)
[0116/181358.033:WARNING:pe_image_annotations_reader.cc(134)] could not read annotations list object in C:\Program Files (x86)\Google\Chrome\Application\79.0.3945.88\chrome_elf.dll
[0116/181358.036:ERROR:process_memory_win.cc(73)] ReadMemory at 0x188e2df8190 of 72 bytes failed: Only part of a ReadProcessMemory or WriteProcessMemory request was completed. (0x12B)
[0116/181358.036:WARNING:pe_image_annotations_reader.cc(134)] could not read annotations list object in C:\Program Files (x86)\Google\Chrome\Application\79.0.3945.88\chrome_child.dll
[0116/181358.068:ERROR:process_memory_win.cc(73)] ReadMemory at 0x7ff715dd0000 of 64 bytes failed: Only part of a ReadProcessMemory or WriteProcessMemory request was completed. (0x12B)
[0116/181358.068:WARNING:pe_image_reader.cc(340)] could not read dos header from C:\Program Files (x86)\Google\Chrome\Application\chrome.exe
[0116/181358.069:ERROR:process_memory_win.cc(73)] ReadMemory at 0x7ffd34860000 of 64 bytes failed: Only part of a ReadProcessMemory or WriteProcessMemory request was completed. (0x12B)
[0116/181358.069:WARNING:pe_image_reader.cc(340)] could not read dos header from C:\WINDOWS\SYSTEM32\ntdll.dll
[0116/181358.069:ERROR:process_memory_win.cc(73)] ReadMemory at 0x7ffd343e0000 of 64 bytes failed: Only part of a ReadProcessMemory or WriteProcessMemory request was completed. (0x12B)
[0116/181358.069:WARNING:pe_image_reader.cc(340)] could not read dos header from C:\WINDOWS\System32\KERNEL32.DLL
[0116/181358.069:ERROR:process_memory_win.cc(73)] ReadMemory at 0x7ffd30c10000 of 64 bytes failed: Only part of a ReadProcessMemory or WriteProcessMemory request was completed. (0x12B)
[0116/181358.069:WARNING:pe_image_reader.cc(340)] could not read dos header from C:\WINDOWS\System32\KERNELBASE.dll
[0116/181358.069:ERROR:process_memory_win.cc(73)] ReadMemory at 0x7ffd0f920000 of 64 bytes failed: Only part of a ReadProcessMemory or WriteProcessMemory request was completed. (0x12B)
[0116/181358.069:WARNING:pe_image_reader.cc(340)] could not read dos header from C:\Program Files (x86)\Google\Chrome\Application\79.0.3945.88\chrome_elf.dll
[0116/181358.069:ERROR:process_memory_win.cc(73)] ReadMemory at 0x7ffd2fd30000 of 64 bytes failed: Only part of a ReadProcessMemory or WriteProcessMemory request was completed. (0x12B)
[0116/181358.069:WARNING:pe_image_reader.cc(340)] could not read dos header from C:\WINDOWS\SYSTEM32\VERSION.dll
[0116/181358.069:ERROR:process_memory_win.cc(73)] ReadMemory at 0x7ffd34210000 of 64 bytes failed: Only part of a ReadProcessMemory or WriteProcessMemory request was completed. (0x12B)
[0116/181358.069:WARNING:pe_image_reader.cc(340)] could not read dos header from C:\WINDOWS\System32\msvcrt.dll
[0116/181358.069:ERROR:process_memory_win.cc(73)] ReadMemory at 0x7ffd30a20000 of 64 bytes failed: Only part of a ReadProcessMemory or WriteProcessMemory request was completed. (0x12B)
[0116/181358.069:WARNING:pe_image_reader.cc(340)] could not read dos header from C:\WINDOWS\system32\vmwsci.dll
[0116/181358.069:ERROR:process_memory_win.cc(73)] ReadMemory at 0x7ffd31c50000 of 64 bytes failed: Only part of a ReadProcessMemory or WriteProcessMemory request was completed. (0x12B)
[0116/181358.069:WARNING:pe_image_reader.cc(340)] could not read dos header from C:\WINDOWS\System32\bcryptPrimitives.dll
[0116/181358.069:ERROR:process_memory_win.cc(73)] ReadMemory at 0x7ffd32a70000 of 64 bytes failed: Only part of a ReadProcessMemory or WriteProcessMemory request was completed. (0x12B)
[0116/181358.069:WARNING:pe_image_reader.cc(340)] could not read dos header from C:\WINDOWS\System32\ADVAPI32.dll
[0116/181358.069:ERROR:process_memory_win.cc(73)] ReadMemory at 0x7ffd31cd0000 of 64 bytes failed: Only part of a ReadProcessMemory or WriteProcessMemory request was completed. (0x12B)
[0116/181358.069:WARNING:pe_image_reader.cc(340)] could not read dos header from C:\WINDOWS\System32\sechost.dll
[0116/181358.069:ERROR:process_memory_win.cc(73)] ReadMemory at 0x7ffd342b0000 of 64 bytes failed: Only part of a ReadProcessMemory or WriteProcessMemory request was completed. (0x12B)
[0116/181358.069:WARNING:pe_image_reader.cc(340)] could not read dos header from C:\WINDOWS\System32\RPCRT4.dll
[0116/181358.069:ERROR:process_memory_win.cc(73)] ReadMemory at 0x7ffcf0ef0000 of 64 bytes failed: Only part of a ReadProcessMemory or WriteProcessMemory request was completed. (0x12B)
[0116/181358.069:WARNING:pe_image_reader.cc(340)] could not read dos header from C:\Program Files (x86)\Google\Chrome\Application\79.0.3945.88\chrome_child.dll
[0116/181358.069:ERROR:process_memory_win.cc(73)] ReadMemory at 0x7ffd34140000 of 64 bytes failed: Only part of a ReadProcessMemory or WriteProcessMemory request was completed. (0x12B)
[0116/181358.070:WARNING:pe_image_reader.cc(340)] could not read dos header from C:\WINDOWS\System32\OLEAUT32.dll
[0116/181358.070:ERROR:process_memory_win.cc(73)] ReadMemory at 0x7ffd31bb0000 of 64 bytes failed: Only part of a ReadProcessMemory or WriteProcessMemory request was completed. (0x12B)
[0116/181358.070:WARNING:pe_image_reader.cc(340)] could not read dos header from C:\WINDOWS\System32\msvcp_win.dll
[0116/181358.070:ERROR:process_memory_win.cc(73)] ReadMemory at 0x7ffd30eb0000 of 64 bytes failed: Only part of a ReadProcessMemory or WriteProcessMemory request was completed. (0x12B)
[0116/181358.070:WARNING:pe_image_reader.cc(340)] could not read dos header from C:\WINDOWS\System32\ucrtbase.dll
[0116/181358.070:ERROR:process_memory_win.cc(73)] ReadMemory at 0x7ffd320f0000 of 64 bytes failed: Only part of a ReadProcessMemory or WriteProcessMemory request was completed. (0x12B)
[0116/181358.070:WARNING:pe_image_reader.cc(340)] could not read dos header from C:\WINDOWS\System32\combase.dll
[0116/181358.070:ERROR:process_memory_win.cc(73)] ReadMemory at 0x7ffd340d0000 of 64 bytes failed: Only part of a ReadProcessMemory or WriteProcessMemory request was completed. (0x12B)
[0116/181358.070:WARNING:pe_image_reader.cc(340)] could not read dos header from C:\WINDOWS\System32\WS2_32.dll
[0116/181358.070:ERROR:process_memory_win.cc(73)] ReadMemory at 0x7ffd31b50000 of 64 bytes failed: Only part of a ReadProcessMemory or WriteProcessMemory request was completed. (0x12B)
[0116/181358.070:WARNING:pe_image_reader.cc(340)] could not read dos header from C:\WINDOWS\System32\WINTRUST.dll
[0116/181358.070:ERROR:process_memory_win.cc(73)] ReadMemory at 0x7ffd30b70000 of 64 bytes failed: Only part of a ReadProcessMemory or WriteProcessMemory request was completed. (0x12B)
[0116/181358.070:WARNING:pe_image_reader.cc(340)] could not read dos header from C:\WINDOWS\System32\MSASN1.dll
[0116/181358.070:ERROR:process_memory_win.cc(73)] ReadMemory at 0x7ffd31960000 of 64 bytes failed: Only part of a ReadProcessMemory or WriteProcessMemory request was completed. (0x12B)
[0116/181358.070:WARNING:pe_image_reader.cc(340)] could not read dos header from C:\WINDOWS\System32\CRYPT32.dll
[0116/181358.070:ERROR:process_memory_win.cc(73)] ReadMemory at 0x7ffd30090000 of 64 bytes failed: Only part of a ReadProcessMemory or WriteProcessMemory request was completed. (0x12B)
[0116/181358.070:WARNING:pe_image_reader.cc(340)] could not read dos header from C:\WINDOWS\SYSTEM32\IPHLPAPI.DLL
[0116/181358.070:ERROR:process_memory_win.cc(73)] ReadMemory at 0x7ffd2ed50000 of 64 bytes failed: Only part of a ReadProcessMemory or WriteProcessMemory request was completed. (0x12B)
[0116/181358.070:WARNING:pe_image_reader.cc(340)] could not read dos header from C:\WINDOWS\SYSTEM32\WINMM.dll
[0116/181358.070:ERROR:process_memory_win.cc(73)] ReadMemory at 0x7ffd30a50000 of 64 bytes failed: Only part of a ReadProcessMemory or WriteProcessMemory request was completed. (0x12B)
[0116/181358.070:WARNING:pe_image_reader.cc(340)] could not read dos header from C:\WINDOWS\SYSTEM32\USERENV.dll
[0116/181358.070:ERROR:process_memory_win.cc(73)] ReadMemory at 0x7ffd30b50000 of 64 bytes failed: Only part of a ReadProcessMemory or WriteProcessMemory request was completed. (0x12B)
[0116/181358.070:WARNING:pe_image_reader.cc(340)] could not read dos header from C:\WINDOWS\System32\profapi.dll
[0116/181358.070:ERROR:process_memory_win.cc(73)] ReadMemory at 0x7ffd2a440000 of 64 bytes failed: Only part of a ReadProcessMemory or WriteProcessMemory request was completed. (0x12B)
[0116/181358.070:WARNING:pe_image_reader.cc(340)] could not read dos header from C:\WINDOWS\SYSTEM32\DWrite.dll
[0116/181358.071:ERROR:process_memory_win.cc(73)] ReadMemory at 0x7ffd1aff0000 of 64 bytes failed: Only part of a ReadProcessMemory or WriteProcessMemory request was completed. (0x12B)
[0116/181358.071:WARNING:pe_image_reader.cc(340)] could not read dos header from C:\WINDOWS\SYSTEM32\WINSPOOL.DRV
[0116/181358.071:ERROR:process_memory_win.cc(73)] ReadMemory at 0x7ffd30ba0000 of 64 bytes failed: Only part of a ReadProcessMemory or WriteProcessMemory request was completed. (0x12B)
[0116/181358.071:WARNING:pe_image_reader.cc(340)] could not read dos header from C:\WINDOWS\System32\kernel.appcore.dll
[0116/181358.071:ERROR:process_memory_win.cc(73)] ReadMemory at 0x7ffd273f0000 of 64 bytes failed: Only part of a ReadProcessMemory or WriteProcessMemory request was completed. (0x12B)
[0116/181358.071:WARNING:pe_image_reader.cc(340)] could not read dos header from C:\WINDOWS\SYSTEM32\dbghelp.dll
[0116/181358.071:ERROR:process_memory_win.cc(73)] ReadMemory at 0x7ffd2fd40000 of 64 bytes failed: Only part of a ReadProcessMemory or WriteProcessMemory request was completed. (0x12B)
[0116/181358.071:WARNING:pe_image_reader.cc(340)] could not read dos header from C:\WINDOWS\SYSTEM32\Secur32.dll
[0116/181358.071:ERROR:process_memory_win.cc(73)] ReadMemory at 0x7ffd275c0000 of 64 bytes failed: Only part of a ReadProcessMemory or WriteProcessMemory request was completed. (0x12B)
[0116/181358.071:WARNING:pe_image_reader.cc(340)] could not read dos header from C:\WINDOWS\SYSTEM32\WINHTTP.dll
[0116/181358.071:ERROR:process_memory_win.cc(73)] ReadMemory at 0x7ffd28d30000 of 64 bytes failed: Only part of a ReadProcessMemory or WriteProcessMemory request was completed. (0x12B)
[0116/181358.071:WARNING:pe_image_reader.cc(340)] could not read dos header from C:\WINDOWS\SYSTEM32\dhcpcsvc.DLL
[0116/181358.071:ERROR:process_memory_win.cc(73)] ReadMemory at 0x7ffd320d0000 of 64 bytes failed: Only part of a ReadProcessMemory or WriteProcessMemory request was completed. (0x12B)
[0116/181358.071:WARNING:pe_image_reader.cc(340)] could not read dos header from C:\WINDOWS\System32\NSI.dll
[0116/181358.071:ERROR:process_memory_win.cc(73)] ReadMemory at 0x7ffd2ed20000 of 64 bytes failed: Only part of a ReadProcessMemory or WriteProcessMemory request was completed. (0x12B)
[0116/181358.071:WARNING:pe_image_reader.cc(340)] could not read dos header from C:\WINDOWS\SYSTEM32\WINMMBASE.dll
[0116/181358.071:ERROR:process_memory_win.cc(73)] ReadMemory at 0x7ffd31860000 of 64 bytes failed: Only part of a ReadProcessMemory or WriteProcessMemory request was completed. (0x12B)
[0116/181358.071:WARNING:pe_image_reader.cc(340)] could not read dos header from C:\WINDOWS\System32\cfgmgr32.dll
[0116/181358.071:ERROR:process_memory_win.cc(73)] ReadMemory at 0x7ffd25ee0000 of 64 bytes failed: Only part of a ReadProcessMemory or WriteProcessMemory request was completed. (0x12B)
[0116/181358.071:WARNING:pe_image_reader.cc(340)] could not read dos header from C:\WINDOWS\SYSTEM32\PROPSYS.dll
[0116/181358.071:ERROR:process_memory_win.cc(73)] ReadMemory at 0x7ffd31d50000 of 64 bytes failed: Only part of a ReadProcessMemory or WriteProcessMemory request was completed. (0x12B)
[0116/181358.071:WARNING:pe_image_reader.cc(340)] could not read dos header from C:\WINDOWS\System32\shcore.dll
[0116/181358.071:ERROR:process_memory_win.cc(73)] ReadMemory at 0x7ffd30620000 of 64 bytes failed: Only part of a ReadProcessMemory or WriteProcessMemory request was completed. (0x12B)
[0116/181358.071:WARNING:pe_image_reader.cc(340)] could not read dos header from C:\WINDOWS\SYSTEM32\bcrypt.dll
[0116/181358.071:ERROR:process_memory_win.cc(73)] ReadMemory at 0x7ffd30a80000 of 64 bytes failed: Only part of a ReadProcessMemory or WriteProcessMemory request was completed. (0x12B)
[0116/181358.071:WARNING:pe_image_reader.cc(340)] could not read dos header from C:\WINDOWS\SYSTEM32\SSPICLI.DLL
[0116/181358.071:ERROR:process_memory_win.cc(73)] ReadMemory at 0x7ffd32c80000 of 64 bytes failed: Only part of a ReadProcessMemory or WriteProcessMemory request was completed. (0x12B)
[0116/181358.071:WARNING:pe_image_reader.cc(340)] could not read dos header from C:\WINDOWS\System32\SHELL32.dll
[0116/181358.071:ERROR:process_memory_win.cc(73)] ReadMemory at 0x7ffd30fb0000 of 64 bytes failed: Only part of a ReadProcessMemory or WriteProcessMemory request was completed. (0x12B)
[0116/181358.071:WARNING:pe_image_reader.cc(340)] could not read dos header from C:\WINDOWS\System32\windows.storage.dll
[0116/181358.071:ERROR:process_memory_win.cc(73)] ReadMemory at 0x7ffd347c0000 of 64 bytes failed: Only part of a ReadProcessMemory or WriteProcessMemory request was completed. (0x12B)
[0116/181358.071:WARNING:pe_image_reader.cc(340)] could not read dos header from C:\WINDOWS\System32\shlwapi.dll
[0116/181358.072:ERROR:process_memory_win.cc(73)] ReadMemory at 0x7ffd32420000 of 64 bytes failed: Only part of a ReadProcessMemory or WriteProcessMemory request was completed. (0x12B)
[0116/181358.072:WARNING:pe_image_reader.cc(340)] could not read dos header from C:\WINDOWS\System32\GDI32.dll
[0116/181358.072:ERROR:process_memory_win.cc(73)] ReadMemory at 0x7ffd316c0000 of 64 bytes failed: Only part of a ReadProcessMemory or WriteProcessMemory request was completed. (0x12B)
[0116/181358.072:WARNING:pe_image_reader.cc(340)] could not read dos header from C:\WINDOWS\System32\gdi32full.dll
[0116/181358.072:ERROR:process_memory_win.cc(73)] ReadMemory at 0x7ffd34620000 of 64 bytes failed: Only part of a ReadProcessMemory or WriteProcessMemory request was completed. (0x12B)
[0116/181358.072:WARNING:pe_image_reader.cc(340)] could not read dos header from C:\WINDOWS\System32\USER32.dll
[0116/181358.072:ERROR:process_memory_win.cc(73)] ReadMemory at 0x7ffd30e90000 of 64 bytes failed: Only part of a ReadProcessMemory or WriteProcessMemory request was completed. (0x12B)
[0116/181358.072:WARNING:pe_image_reader.cc(340)] could not read dos header from C:\WINDOWS\System32\win32u.dll
[0116/181358.072:ERROR:process_memory_win.cc(73)] ReadMemory at 0x7ffd30bc0000 of 64 bytes failed: Only part of a ReadProcessMemory or WriteProcessMemory request was completed. (0x12B)
[0116/181358.072:WARNING:pe_image_reader.cc(340)] could not read dos header from C:\WINDOWS\System32\powrprof.dll
[0116/181358.072:ERROR:process_memory_win.cc(73)] ReadMemory at 0x7ffd30b90000 of 64 bytes failed: Only part of a ReadProcessMemory or WriteProcessMemory request was completed. (0x12B)
[0116/181358.072:WARNING:pe_image_reader.cc(340)] could not read dos header from C:\WINDOWS\System32\FLTLIB.DLL
[0116/181358.072:ERROR:process_memory_win.cc(73)] ReadMemory at 0x7ffd32a40000 of 64 bytes failed: Only part of a ReadProcessMemory or WriteProcessMemory request was completed. (0x12B)
[0116/181358.072:WARNING:pe_image_reader.cc(340)] could not read dos header from C:\WINDOWS\System32\IMM32.DLL
[0116/181358.072:ERROR:process_memory_win.cc(73)] ReadMemory at 0x7ffd30510000 of 64 bytes failed: Only part of a ReadProcessMemory or WriteProcessMemory request was completed. (0x12B)
[0116/181358.072:WARNING:pe_image_reader.cc(340)] could not read dos header from C:\WINDOWS\SYSTEM32\CRYPTBASE.DLL
[0116/181358.072:ERROR:process_memory_win.cc(73)] ReadMemory at 0x7ff715dd0000 of 64 bytes failed: Only part of a ReadProcessMemory or WriteProcessMemory request was completed. (0x12B)
[0116/181358.072:WARNING:pe_image_reader.cc(340)] could not read dos header from C:\Program Files (x86)\Google\Chrome\Application\chrome.exe
[0116/181358.072:ERROR:process_memory_win.cc(73)] ReadMemory at 0x7ffd34860000 of 64 bytes failed: Only part of a ReadProcessMemory or WriteProcessMemory request was completed. (0x12B)
[0116/181358.072:WARNING:pe_image_reader.cc(340)] could not read dos header from C:\WINDOWS\SYSTEM32\ntdll.dll
[0116/181358.072:ERROR:process_memory_win.cc(73)] ReadMemory at 0x7ffd343e0000 of 64 bytes failed: Only part of a ReadProcessMemory or WriteProcessMemory request was completed. (0x12B)
[0116/181358.072:WARNING:pe_image_reader.cc(340)] could not read dos header from C:\WINDOWS\System32\KERNEL32.DLL
[0116/181358.072:ERROR:process_memory_win.cc(73)] ReadMemory at 0x7ffd30c10000 of 64 bytes failed: Only part of a ReadProcessMemory or WriteProcessMemory request was completed. (0x12B)
[0116/181358.072:WARNING:pe_image_reader.cc(340)] could not read dos header from C:\WINDOWS\System32\KERNELBASE.dll
[0116/181358.072:ERROR:process_memory_win.cc(73)] ReadMemory at 0x7ffd0f920000 of 64 bytes failed: Only part of a ReadProcessMemory or WriteProcessMemory request was completed. (0x12B)
[0116/181358.072:WARNING:pe_image_reader.cc(340)] could not read dos header from C:\Program Files (x86)\Google\Chrome\Application\79.0.3945.88\chrome_elf.dll
[0116/181358.072:ERROR:process_memory_win.cc(73)] ReadMemory at 0x7ffd2fd30000 of 64 bytes failed: Only part of a ReadProcessMemory or WriteProcessMemory request was completed. (0x12B)
[0116/181358.072:WARNING:pe_image_reader.cc(340)] could not read dos header from C:\WINDOWS\SYSTEM32\VERSION.dll
[0116/181358.072:ERROR:process_memory_win.cc(73)] ReadMemory at 0x7ffd34210000 of 64 bytes failed: Only part of a ReadProcessMemory or WriteProcessMemory request was completed. (0x12B)
[0116/181358.072:WARNING:pe_image_reader.cc(340)] could not read dos header from C:\WINDOWS\System32\msvcrt.dll
[0116/181358.072:ERROR:process_memory_win.cc(73)] ReadMemory at 0x7ffd30a20000 of 64 bytes failed: Only part of a ReadProcessMemory or WriteProcessMemory request was completed. (0x12B)
[0116/181358.073:WARNING:pe_image_reader.cc(340)] could not read dos header from C:\WINDOWS\system32\vmwsci.dll
[0116/181358.073:ERROR:process_memory_win.cc(73)] ReadMemory at 0x7ffd31c50000 of 64 bytes failed: Only part of a ReadProcessMemory or WriteProcessMemory request was completed. (0x12B)
[0116/181358.073:WARNING:pe_image_reader.cc(340)] could not read dos header from C:\WINDOWS\System32\bcryptPrimitives.dll
[0116/181358.073:ERROR:process_memory_win.cc(73)] ReadMemory at 0x7ffd32a70000 of 64 bytes failed: Only part of a ReadProcessMemory or WriteProcessMemory request was completed. (0x12B)
[0116/181358.073:WARNING:pe_image_reader.cc(340)] could not read dos header from C:\WINDOWS\System32\ADVAPI32.dll
[0116/181358.073:ERROR:process_memory_win.cc(73)] ReadMemory at 0x7ffd31cd0000 of 64 bytes failed: Only part of a ReadProcessMemory or WriteProcessMemory request was completed. (0x12B)
[0116/181358.073:WARNING:pe_image_reader.cc(340)] could not read dos header from C:\WINDOWS\System32\sechost.dll
[0116/181358.073:ERROR:process_memory_win.cc(73)] ReadMemory at 0x7ffd342b0000 of 64 bytes failed: Only part of a ReadProcessMemory or WriteProcessMemory request was completed. (0x12B)
[0116/181358.073:WARNING:pe_image_reader.cc(340)] could not read dos header from C:\WINDOWS\System32\RPCRT4.dll
[0116/181358.073:ERROR:process_memory_win.cc(73)] ReadMemory at 0x7ffcf0ef0000 of 64 bytes failed: Only part of a ReadProcessMemory or WriteProcessMemory request was completed. (0x12B)
[0116/181358.073:WARNING:pe_image_reader.cc(340)] could not read dos header from C:\Program Files (x86)\Google\Chrome\Application\79.0.3945.88\chrome_child.dll
[0116/181358.073:ERROR:process_memory_win.cc(73)] ReadMemory at 0x7ffd34140000 of 64 bytes failed: Only part of a ReadProcessMemory or WriteProcessMemory request was completed. (0x12B)
[0116/181358.073:WARNING:pe_image_reader.cc(340)] could not read dos header from C:\WINDOWS\System32\OLEAUT32.dll
[0116/181358.073:ERROR:process_memory_win.cc(73)] ReadMemory at 0x7ffd31bb0000 of 64 bytes failed: Only part of a ReadProcessMemory or WriteProcessMemory request was completed. (0x12B)
[0116/181358.073:WARNING:pe_image_reader.cc(340)] could not read dos header from C:\WINDOWS\System32\msvcp_win.dll
[0116/181358.073:ERROR:process_memory_win.cc(73)] ReadMemory at 0x7ffd30eb0000 of 64 bytes failed: Only part of a ReadProcessMemory or WriteProcessMemory request was completed. (0x12B)
[0116/181358.073:WARNING:pe_image_reader.cc(340)] could not read dos header from C:\WINDOWS\System32\ucrtbase.dll
[0116/181358.073:ERROR:process_memory_win.cc(73)] ReadMemory at 0x7ffd320f0000 of 64 bytes failed: Only part of a ReadProcessMemory or WriteProcessMemory request was completed. (0x12B)
[0116/181358.073:WARNING:pe_image_reader.cc(340)] could not read dos header from C:\WINDOWS\System32\combase.dll
[0116/181358.073:ERROR:process_memory_win.cc(73)] ReadMemory at 0x7ffd340d0000 of 64 bytes failed: Only part of a ReadProcessMemory or WriteProcessMemory request was completed. (0x12B)
[0116/181358.073:WARNING:pe_image_reader.cc(340)] could not read dos header from C:\WINDOWS\System32\WS2_32.dll
[0116/181358.073:ERROR:process_memory_win.cc(73)] ReadMemory at 0x7ffd31b50000 of 64 bytes failed: Only part of a ReadProcessMemory or WriteProcessMemory request was completed. (0x12B)
[0116/181358.073:WARNING:pe_image_reader.cc(340)] could not read dos header from C:\WINDOWS\System32\WINTRUST.dll
[0116/181358.073:ERROR:process_memory_win.cc(73)] ReadMemory at 0x7ffd30b70000 of 64 bytes failed: Only part of a ReadProcessMemory or WriteProcessMemory request was completed. (0x12B)
[0116/181358.073:WARNING:pe_image_reader.cc(340)] could not read dos header from C:\WINDOWS\System32\MSASN1.dll
[0116/181358.073:ERROR:process_memory_win.cc(73)] ReadMemory at 0x7ffd31960000 of 64 bytes failed: Only part of a ReadProcessMemory or WriteProcessMemory request was completed. (0x12B)
[0116/181358.073:WARNING:pe_image_reader.cc(340)] could not read dos header from C:\WINDOWS\System32\CRYPT32.dll
[0116/181358.073:ERROR:process_memory_win.cc(73)] ReadMemory at 0x7ffd30090000 of 64 bytes failed: Only part of a ReadProcessMemory or WriteProcessMemory request was completed. (0x12B)
[0116/181358.073:WARNING:pe_image_reader.cc(340)] could not read dos header from C:\WINDOWS\SYSTEM32\IPHLPAPI.DLL
[0116/181358.073:ERROR:process_memory_win.cc(73)] ReadMemory at 0x7ffd2ed50000 of 64 bytes failed: Only part of a ReadProcessMemory or WriteProcessMemory request was completed. (0x12B)
[0116/181358.073:WARNING:pe_image_reader.cc(340)] could not read dos header from C:\WINDOWS\SYSTEM32\WINMM.dll
[0116/181358.074:ERROR:process_memory_win.cc(73)] ReadMemory at 0x7ffd30a50000 of 64 bytes failed: Only part of a ReadProcessMemory or WriteProcessMemory request was completed. (0x12B)
[0116/181358.074:WARNING:pe_image_reader.cc(340)] could not read dos header from C:\WINDOWS\SYSTEM32\USERENV.dll
[0116/181358.074:ERROR:process_memory_win.cc(73)] ReadMemory at 0x7ffd30b50000 of 64 bytes failed: Only part of a ReadProcessMemory or WriteProcessMemory request was completed. (0x12B)
[0116/181358.074:WARNING:pe_image_reader.cc(340)] could not read dos header from C:\WINDOWS\System32\profapi.dll
[0116/181358.074:ERROR:process_memory_win.cc(73)] ReadMemory at 0x7ffd2a440000 of 64 bytes failed: Only part of a ReadProcessMemory or WriteProcessMemory request was completed. (0x12B)
[0116/181358.074:WARNING:pe_image_reader.cc(340)] could not read dos header from C:\WINDOWS\SYSTEM32\DWrite.dll
[0116/181358.074:ERROR:process_memory_win.cc(73)] ReadMemory at 0x7ffd1aff0000 of 64 bytes failed: Only part of a ReadProcessMemory or WriteProcessMemory request was completed. (0x12B)
[0116/181358.074:WARNING:pe_image_reader.cc(340)] could not read dos header from C:\WINDOWS\SYSTEM32\WINSPOOL.DRV
[0116/181358.074:ERROR:process_memory_win.cc(73)] ReadMemory at 0x7ffd30ba0000 of 64 bytes failed: Only part of a ReadProcessMemory or WriteProcessMemory request was completed. (0x12B)
[0116/181358.074:WARNING:pe_image_reader.cc(340)] could not read dos header from C:\WINDOWS\System32\kernel.appcore.dll
[0116/181358.074:ERROR:process_memory_win.cc(73)] ReadMemory at 0x7ffd273f0000 of 64 bytes failed: Only part of a ReadProcessMemory or WriteProcessMemory request was completed. (0x12B)
[0116/181358.074:WARNING:pe_image_reader.cc(340)] could not read dos header from C:\WINDOWS\SYSTEM32\dbghelp.dll
[0116/181358.074:ERROR:process_memory_win.cc(73)] ReadMemory at 0x7ffd2fd40000 of 64 bytes failed: Only part of a ReadProcessMemory or WriteProcessMemory request was completed. (0x12B)
[0116/181358.074:WARNING:pe_image_reader.cc(340)] could not read dos header from C:\WINDOWS\SYSTEM32\Secur32.dll
[0116/181358.074:ERROR:process_memory_win.cc(73)] ReadMemory at 0x7ffd275c0000 of 64 bytes failed: Only part of a ReadProcessMemory or WriteProcessMemory request was completed. (0x12B)
[0116/181358.074:WARNING:pe_image_reader.cc(340)] could not read dos header from C:\WINDOWS\SYSTEM32\WINHTTP.dll
[0116/181358.074:ERROR:process_memory_win.cc(73)] ReadMemory at 0x7ffd28d30000 of 64 bytes failed: Only part of a ReadProcessMemory or WriteProcessMemory request was completed. (0x12B)
[0116/181358.074:WARNING:pe_image_reader.cc(340)] could not read dos header from C:\WINDOWS\SYSTEM32\dhcpcsvc.DLL
[0116/181358.074:ERROR:process_memory_win.cc(73)] ReadMemory at 0x7ffd320d0000 of 64 bytes failed: Only part of a ReadProcessMemory or WriteProcessMemory request was completed. (0x12B)
[0116/181358.074:WARNING:pe_image_reader.cc(340)] could not read dos header from C:\WINDOWS\System32\NSI.dll
[0116/181358.074:ERROR:process_memory_win.cc(73)] ReadMemory at 0x7ffd2ed20000 of 64 bytes failed: Only part of a ReadProcessMemory or WriteProcessMemory request was completed. (0x12B)
[0116/181358.074:WARNING:pe_image_reader.cc(340)] could not read dos header from C:\WINDOWS\SYSTEM32\WINMMBASE.dll
[0116/181358.074:ERROR:process_memory_win.cc(73)] ReadMemory at 0x7ffd31860000 of 64 bytes failed: Only part of a ReadProcessMemory or WriteProcessMemory request was completed. (0x12B)
[0116/181358.074:WARNING:pe_image_reader.cc(340)] could not read dos header from C:\WINDOWS\System32\cfgmgr32.dll
[0116/181358.074:ERROR:process_memory_win.cc(73)] ReadMemory at 0x7ffd25ee0000 of 64 bytes failed: Only part of a ReadProcessMemory or WriteProcessMemory request was completed. (0x12B)
[0116/181358.074:WARNING:pe_image_reader.cc(340)] could not read dos header from C:\WINDOWS\SYSTEM32\PROPSYS.dll
[0116/181358.074:ERROR:process_memory_win.cc(73)] ReadMemory at 0x7ffd31d50000 of 64 bytes failed: Only part of a ReadProcessMemory or WriteProcessMemory request was completed. (0x12B)
[0116/181358.074:WARNING:pe_image_reader.cc(340)] could not read dos header from C:\WINDOWS\System32\shcore.dll
[0116/181358.074:ERROR:process_memory_win.cc(73)] ReadMemory at 0x7ffd30620000 of 64 bytes failed: Only part of a ReadProcessMemory or WriteProcessMemory request was completed. (0x12B)
[0116/181358.074:WARNING:pe_image_reader.cc(340)] could not read dos header from C:\WINDOWS\SYSTEM32\bcrypt.dll
[0116/181358.074:ERROR:process_memory_win.cc(73)] ReadMemory at 0x7ffd30a80000 of 64 bytes failed: Only part of a ReadProcessMemory or WriteProcessMemory request was completed. (0x12B)
[0116/181358.074:WARNING:pe_image_reader.cc(340)] could not read dos header from C:\WINDOWS\SYSTEM32\SSPICLI.DLL
[0116/181358.074:ERROR:process_memory_win.cc(73)] ReadMemory at 0x7ffd32c80000 of 64 bytes failed: Only part of a ReadProcessMemory or WriteProcessMemory request was completed. (0x12B)
[0116/181358.075:WARNING:pe_image_reader.cc(340)] could not read dos header from C:\WINDOWS\System32\SHELL32.dll
[0116/181358.075:ERROR:process_memory_win.cc(73)] ReadMemory at 0x7ffd30fb0000 of 64 bytes failed: Only part of a ReadProcessMemory or WriteProcessMemory request was completed. (0x12B)
[0116/181358.075:WARNING:pe_image_reader.cc(340)] could not read dos header from C:\WINDOWS\System32\windows.storage.dll
[0116/181358.075:ERROR:process_memory_win.cc(73)] ReadMemory at 0x7ffd347c0000 of 64 bytes failed: Only part of a ReadProcessMemory or WriteProcessMemory request was completed. (0x12B)
[0116/181358.075:WARNING:pe_image_reader.cc(340)] could not read dos header from C:\WINDOWS\System32\shlwapi.dll
[0116/181358.075:ERROR:process_memory_win.cc(73)] ReadMemory at 0x7ffd32420000 of 64 bytes failed: Only part of a ReadProcessMemory or WriteProcessMemory request was completed. (0x12B)
[0116/181358.075:WARNING:pe_image_reader.cc(340)] could not read dos header from C:\WINDOWS\System32\GDI32.dll
[0116/181358.075:ERROR:process_memory_win.cc(73)] ReadMemory at 0x7ffd316c0000 of 64 bytes failed: Only part of a ReadProcessMemory or WriteProcessMemory request was completed. (0x12B)
[0116/181358.075:WARNING:pe_image_reader.cc(340)] could not read dos header from C:\WINDOWS\System32\gdi32full.dll
[0116/181358.075:ERROR:process_memory_win.cc(73)] ReadMemory at 0x7ffd34620000 of 64 bytes failed: Only part of a ReadProcessMemory or WriteProcessMemory request was completed. (0x12B)
[0116/181358.075:WARNING:pe_image_reader.cc(340)] could not read dos header from C:\WINDOWS\System32\USER32.dll
[0116/181358.075:ERROR:process_memory_win.cc(73)] ReadMemory at 0x7ffd30e90000 of 64 bytes failed: Only part of a ReadProcessMemory or WriteProcessMemory request was completed. (0x12B)
[0116/181358.075:WARNING:pe_image_reader.cc(340)] could not read dos header from C:\WINDOWS\System32\win32u.dll
[0116/181358.075:ERROR:process_memory_win.cc(73)] ReadMemory at 0x7ffd30bc0000 of 64 bytes failed: Only part of a ReadProcessMemory or WriteProcessMemory request was completed. (0x12B)
[0116/181358.075:WARNING:pe_image_reader.cc(340)] could not read dos header from C:\WINDOWS\System32\powrprof.dll
[0116/181358.075:ERROR:process_memory_win.cc(73)] ReadMemory at 0x7ffd30b90000 of 64 bytes failed: Only part of a ReadProcessMemory or WriteProcessMemory request was completed. (0x12B)
[0116/181358.075:WARNING:pe_image_reader.cc(340)] could not read dos header from C:\WINDOWS\System32\FLTLIB.DLL
[0116/181358.075:ERROR:process_memory_win.cc(73)] ReadMemory at 0x7ffd32a40000 of 64 bytes failed: Only part of a ReadProcessMemory or WriteProcessMemory request was completed. (0x12B)
[0116/181358.075:WARNING:pe_image_reader.cc(340)] could not read dos header from C:\WINDOWS\System32\IMM32.DLL
[0116/181358.075:ERROR:process_memory_win.cc(73)] ReadMemory at 0x7ffd30510000 of 64 bytes failed: Only part of a ReadProcessMemory or WriteProcessMemory request was completed. (0x12B)
[0116/181358.075:WARNING:pe_image_reader.cc(340)] could not read dos header from C:\WINDOWS\SYSTEM32\CRYPTBASE.DLL
[0116/181358.088:ERROR:process_memory_win.cc(73)] ReadMemory at 0x1399be9000 of 94208 bytes failed: Only part of a ReadProcessMemory or WriteProcessMemory request was completed. (0x12B)
[0116/181358.088:ERROR:process_memory_win.cc(73)] ReadMemory at 0x139a3fd000 of 12288 bytes failed: Only part of a ReadProcessMemory or WriteProcessMemory request was completed. (0x12B)
[0116/181358.089:ERROR:process_memory_win.cc(73)] ReadMemory at 0x139b3fc000 of 16384 bytes failed: Only part of a ReadProcessMemory or WriteProcessMemory request was completed. (0x12B)
[0116/181358.089:ERROR:process_memory_win.cc(73)] ReadMemory at 0x139bbfc000 of 16384 bytes failed: Only part of a ReadProcessMemory or WriteProcessMemory request was completed. (0x12B)
[0116/181358.089:ERROR:process_memory_win.cc(73)] ReadMemory at 0x139c3fe000 of 8192 bytes failed: Only part of a ReadProcessMemory or WriteProcessMemory request was completed. (0x12B)
[0116/181358.089:ERROR:process_memory_win.cc(73)] ReadMemory at 0x139cbfd000 of 12288 bytes failed: Only part of a ReadProcessMemory or WriteProcessMemory request was completed. (0x12B)
[0116/181358.089:ERROR:process_memory_win.cc(73)] ReadMemory at 0x139d3fb000 of 20480 bytes failed: Only part of a ReadProcessMemory or WriteProcessMemory request was completed. (0x12B)
[0116/181358.089:ERROR:process_memory_win.cc(73)] ReadMemory at 0x139dbfd000 of 12288 bytes failed: Only part of a ReadProcessMemory or WriteProcessMemory request was completed. (0x12B)
[0116/181358.090:ERROR:process_memory_win.cc(73)] ReadMemory at 0x139e3f8000 of 32768 bytes failed: Only part of a ReadProcessMemory or WriteProcessMemory request was completed. (0x12B)
[0116/181358.090:ERROR:process_memory_win.cc(73)] ReadMemory at 0x139ebfc000 of 16384 bytes failed: Only part of a ReadProcessMemory or WriteProcessMemory request was completed. (0x12B)
[0116/181358.090:ERROR:process_memory_win.cc(73)] ReadMemory at 0x139f3fc000 of 16384 bytes failed: Only part of a ReadProcessMemory or WriteProcessMemory request was completed. (0x12B)
[0116/181358.090:ERROR:process_memory_win.cc(73)] ReadMemory at 0x139fbfc000 of 16384 bytes failed: Only part of a ReadProcessMemory or WriteProcessMemory request was completed. (0x12B)
[0116/181358.090:ERROR:process_memory_win.cc(73)] ReadMemory at 0x1399388000 of 852 bytes failed: Only part of a ReadProcessMemory or WriteProcessMemory request was completed. (0x12B)
[0116/181358.090:ERROR:process_memory_win.cc(73)] ReadMemory at 0x1399389000 of 6024 bytes failed: Only part of a ReadProcessMemory or WriteProcessMemory request was completed. (0x12B)
[0116/181358.090:ERROR:process_memory_win.cc(73)] ReadMemory at 0x139938b000 of 6024 bytes failed: Only part of a ReadProcessMemory or WriteProcessMemory request was completed. (0x12B)
[0116/181358.090:ERROR:process_memory_win.cc(73)] ReadMemory at 0x139938f000 of 6024 bytes failed: Only part of a ReadProcessMemory or WriteProcessMemory request was completed. (0x12B)
[0116/181358.090:ERROR:process_memory_win.cc(73)] ReadMemory at 0x1399391000 of 6024 bytes failed: Only part of a ReadProcessMemory or WriteProcessMemory request was completed. (0x12B)
[0116/181358.091:ERROR:process_memory_win.cc(73)] ReadMemory at 0x1399393000 of 6024 bytes failed: Only part of a ReadProcessMemory or WriteProcessMemory request was completed. (0x12B)
[0116/181358.091:ERROR:process_memory_win.cc(73)] ReadMemory at 0x1399395000 of 6024 bytes failed: Only part of a ReadProcessMemory or WriteProcessMemory request was completed. (0x12B)
[0116/181358.091:ERROR:process_memory_win.cc(73)] ReadMemory at 0x1399397000 of 6024 bytes failed: Only part of a ReadProcessMemory or WriteProcessMemory request was completed. (0x12B)
[0116/181358.091:ERROR:process_memory_win.cc(73)] ReadMemory at 0x1399399000 of 6024 bytes failed: Only part of a ReadProcessMemory or WriteProcessMemory request was completed. (0x12B)
[0116/181358.091:ERROR:process_memory_win.cc(73)] ReadMemory at 0x139939b000 of 6024 bytes failed: Only part of a ReadProcessMemory or WriteProcessMemory request was completed. (0x12B)
[0116/181358.091:ERROR:process_memory_win.cc(73)] ReadMemory at 0x139939d000 of 6024 bytes failed: Only part of a ReadProcessMemory or WriteProcessMemory request was completed. (0x12B)
[0116/181358.091:ERROR:process_memory_win.cc(73)] ReadMemory at 0x139939f000 of 6024 bytes failed: Only part of a ReadProcessMemory or WriteProcessMemory request was completed. (0x12B)
[0116/181358.091:ERROR:process_memory_win.cc(73)] ReadMemory at 0x13993a1000 of 6024 bytes failed: Only part of a ReadProcessMemory or WriteProcessMemory request was completed. (0x12B)
[0116/181358.091:ERROR:process_memory_win.cc(73)] ReadMemory at 0x188e29f0fc0 of 9218 bytes failed: Only part of a ReadProcessMemory or WriteProcessMemory request was completed. (0x12B)
[0116/181358.092:ERROR:process_memory_win.cc(73)] ReadMemory at 0x188e29f33d0 of 1012 bytes failed: Only part of a ReadProcessMemory or WriteProcessMemory request was completed. (0x12B)
[0116/181358.092:ERROR:process_memory_win.cc(73)] ReadMemory at 0x188e29f39e8 of 118 bytes failed: Only part of a ReadProcessMemory or WriteProcessMemory request was completed. (0x12B)
[0116/181358.092:ERROR:process_memory_win.cc(73)] ReadMemory at 0x188e29f3a60 of 1468 bytes failed: Only part of a ReadProcessMemory or WriteProcessMemory request was completed. (0x12B)
[0116/181358.092:ERROR:process_memory_win.cc(73)] ReadMemory at 0x188e29f401e of 118 bytes failed: Only part of a ReadProcessMemory or WriteProcessMemory request was completed. (0x12B)
[0116/181358.092:ERROR:process_memory_win.cc(73)] ReadMemory at 0x188e29f4096 of 96 bytes failed: Only part of a ReadProcessMemory or WriteProcessMemory request was completed. (0x12B)
[0116/181358.093:ERROR:process_memory_win.cc(73)] ReadMemory at 0x188e29f4110 of 58 bytes failed: Only part of a ReadProcessMemory or WriteProcessMemory request was completed. (0x12B)
[0116/181358.093:ERROR:process_memory_win.cc(73)] ReadMemory at 0x188e29f4210 of 132 bytes failed: Only part of a ReadProcessMemory or WriteProcessMemory request was completed. (0x12B)
[0116/181358.093:ERROR:process_memory_win.cc(73)] ReadMemory at 0x188e29f43a0 of 132 bytes failed: Only part of a ReadProcessMemory or WriteProcessMemory request was completed. (0x12B)
[0116/181358.093:ERROR:process_memory_win.cc(73)] ReadMemory at 0x188e29f4560 of 124 bytes failed: Only part of a ReadProcessMemory or WriteProcessMemory request was completed. (0x12B)
[0116/181358.093:ERROR:process_memory_win.cc(73)] ReadMemory at 0x188e29f4940 of 132 bytes failed: Only part of a ReadProcessMemory or WriteProcessMemory request was completed. (0x12B)
[0116/181358.093:ERROR:process_memory_win.cc(73)] ReadMemory at 0x188e29f4ad0 of 64 bytes failed: Only part of a ReadProcessMemory or WriteProcessMemory request was completed. (0x12B)
[0116/181358.093:ERROR:process_memory_win.cc(73)] ReadMemory at 0x188e29f4c90 of 132 bytes failed: Only part of a ReadProcessMemory or WriteProcessMemory request was completed. (0x12B)
[0116/181358.093:ERROR:process_memory_win.cc(73)] ReadMemory at 0x188e29f4f20 of 132 bytes failed: Only part of a ReadProcessMemory or WriteProcessMemory request was completed. (0x12B)
[0116/181358.093:ERROR:process_memory_win.cc(73)] ReadMemory at 0x188e29f50b0 of 68 bytes failed: Only part of a ReadProcessMemory or WriteProcessMemory request was completed. (0x12B)
[0116/181358.093:ERROR:process_memory_win.cc(73)] ReadMemory at 0x188e29f60b0 of 132 bytes failed: Only part of a ReadProcessMemory or WriteProcessMemory request was completed. (0x12B)
[0116/181358.093:ERROR:process_memory_win.cc(73)] ReadMemory at 0x188e29f6240 of 152 bytes failed: Only part of a ReadProcessMemory or WriteProcessMemory request was completed. (0x12B)
[0116/181358.093:ERROR:process_memory_win.cc(73)] ReadMemory at 0x188e29f6de0 of 132 bytes failed: Only part of a ReadProcessMemory or WriteProcessMemory request was completed. (0x12B)
[0116/181358.093:ERROR:process_memory_win.cc(73)] ReadMemory at 0x188e29f6fa0 of 132 bytes failed: Only part of a ReadProcessMemory or WriteProcessMemory request was completed. (0x12B)
[0116/181358.093:ERROR:process_memory_win.cc(73)] ReadMemory at 0x188e29f72f0 of 156 bytes failed: Only part of a ReadProcessMemory or WriteProcessMemory request was completed. (0x12B)
[0116/181358.093:ERROR:process_memory_win.cc(73)] ReadMemory at 0x188e29f73d0 of 132 bytes failed: Only part of a ReadProcessMemory or WriteProcessMemory request was completed. (0x12B)
[0116/181358.093:ERROR:process_memory_win.cc(73)] ReadMemory at 0x188e29f7cf0 of 62 bytes failed: Only part of a ReadProcessMemory or WriteProcessMemory request was completed. (0x12B)
[0116/181358.093:ERROR:process_memory_win.cc(73)] ReadMemory at 0x188e29f7d40 of 132 bytes failed: Only part of a ReadProcessMemory or WriteProcessMemory request was completed. (0x12B)
[0116/181358.094:ERROR:process_memory_win.cc(73)] ReadMemory at 0x188e29f7e70 of 60 bytes failed: Only part of a ReadProcessMemory or WriteProcessMemory request was completed. (0x12B)
[0116/181358.094:ERROR:process_memory_win.cc(73)] ReadMemory at 0x188e29f7ee0 of 60 bytes failed: Only part of a ReadProcessMemory or WriteProcessMemory request was completed. (0x12B)
[0116/181358.094:ERROR:process_memory_win.cc(73)] ReadMemory at 0x188e29f91c0 of 132 bytes failed: Only part of a ReadProcessMemory or WriteProcessMemory request was completed. (0x12B)
[0116/181358.094:ERROR:process_memory_win.cc(73)] ReadMemory at 0x188e29fbf10 of 64 bytes failed: Only part of a ReadProcessMemory or WriteProcessMemory request was completed. (0x12B)
[0116/181358.094:ERROR:process_memory_win.cc(73)] ReadMemory at 0x188e29fbf60 of 64 bytes failed: Only part of a ReadProcessMemory or WriteProcessMemory request was completed. (0x12B)
[0116/181358.094:ERROR:process_memory_win.cc(73)] ReadMemory at 0x188e29fbfb0 of 62 bytes failed: Only part of a ReadProcessMemory or WriteProcessMemory request was completed. (0x12B)
[0116/181358.094:ERROR:process_memory_win.cc(73)] ReadMemory at 0x188e29fc000 of 62 bytes failed: Only part of a ReadProcessMemory or WriteProcessMemory request was completed. (0x12B)
[0116/181358.094:ERROR:process_memory_win.cc(73)] ReadMemory at 0x188e29fc050 of 62 bytes failed: Only part of a ReadProcessMemory or WriteProcessMemory request was completed. (0x12B)
[0116/181358.094:ERROR:process_memory_win.cc(73)] ReadMemory at 0x188e29fc0a0 of 62 bytes failed: Only part of a ReadProcessMemory or WriteProcessMemory request was completed. (0x12B)
[0116/181358.094:ERROR:process_memory_win.cc(73)] ReadMemory at 0x188e29fc140 of 58 bytes failed: Only part of a ReadProcessMemory or WriteProcessMemory request was completed. (0x12B)
[0116/181358.094:ERROR:process_memory_win.cc(73)] ReadMemory at 0x188e29fc190 of 64 bytes failed: Only part of a ReadProcessMemory or WriteProcessMemory request was completed. (0x12B)
[0116/181358.094:ERROR:process_memory_win.cc(73)] ReadMemory at 0x188e29fc1e0 of 60 bytes failed: Only part of a ReadProcessMemory or WriteProcessMemory request was completed. (0x12B)
[0116/181358.094:ERROR:process_memory_win.cc(73)] ReadMemory at 0x188e29fc230 of 64 bytes failed: Only part of a ReadProcessMemory or WriteProcessMemory request was completed. (0x12B)
[0116/181358.094:ERROR:process_memory_win.cc(73)] ReadMemory at 0x188e29fc280 of 60 bytes failed: Only part of a ReadProcessMemory or WriteProcessMemory request was completed. (0x12B)
[0116/181358.094:ERROR:process_memory_win.cc(73)] ReadMemory at 0x188e29fc2d0 of 60 bytes failed: Only part of a ReadProcessMemory or WriteProcessMemory request was completed. (0x12B)
[0116/181358.094:ERROR:process_memory_win.cc(73)] ReadMemory at 0x188e29fc320 of 62 bytes failed: Only part of a ReadProcessMemory or WriteProcessMemory request was completed. (0x12B)
[0116/181358.094:ERROR:process_memory_win.cc(73)] ReadMemory at 0x188e29fc370 of 62 bytes failed: Only part of a ReadProcessMemory or WriteProcessMemory request was completed. (0x12B)
[0116/181358.094:ERROR:process_memory_win.cc(73)] ReadMemory at 0x188e29fc3c0 of 64 bytes failed: Only part of a ReadProcessMemory or WriteProcessMemory request was completed. (0x12B)
[0116/181358.095:ERROR:process_memory_win.cc(73)] ReadMemory at 0x188e29fc500 of 66 bytes failed: Only part of a ReadProcessMemory or WriteProcessMemory request was completed. (0x12B)
[0116/181358.095:ERROR:process_memory_win.cc(73)] ReadMemory at 0x188e29fc550 of 62 bytes failed: Only part of a ReadProcessMemory or WriteProcessMemory request was completed. (0x12B)
[0116/181358.095:ERROR:process_memory_win.cc(73)] ReadMemory at 0x188e29fc5a0 of 60 bytes failed: Only part of a ReadProcessMemory or WriteProcessMemory request was completed. (0x12B)
[0116/181358.095:ERROR:process_memory_win.cc(73)] ReadMemory at 0x188e29fc5f0 of 64 bytes failed: Only part of a ReadProcessMemory or WriteProcessMemory request was completed. (0x12B)
[0116/181358.095:ERROR:process_memory_win.cc(73)] ReadMemory at 0x188e29fc640 of 62 bytes failed: Only part of a ReadProcessMemory or WriteProcessMemory request was completed. (0x12B)
[0116/181358.095:ERROR:process_memory_win.cc(73)] ReadMemory at 0x188e29fcad0 of 132 bytes failed: Only part of a ReadProcessMemory or WriteProcessMemory request was completed. (0x12B)
[0116/181358.095:ERROR:process_memory_win.cc(73)] ReadMemory at 0x188e29fcd00 of 132 bytes failed: Only part of a ReadProcessMemory or WriteProcessMemory request was completed. (0x12B)
[0116/181358.095:ERROR:process_memory_win.cc(73)] ReadMemory at 0x188e29fd2a0 of 80 bytes failed: Only part of a ReadProcessMemory or WriteProcessMemory request was completed. (0x12B)
[0116/181358.095:ERROR:process_memory_win.cc(73)] ReadMemory at 0x188e29fd790 of 78 bytes failed: Only part of a ReadProcessMemory or WriteProcessMemory request was completed. (0x12B)
[0116/181358.095:ERROR:process_memory_win.cc(73)] ReadMemory at 0x188e29fd9d0 of 76 bytes failed: Only part of a ReadProcessMemory or WriteProcessMemory request was completed. (0x12B)
[0116/181358.095:ERROR:process_memory_win.cc(73)] ReadMemory at 0x188e29ff740 of 132 bytes failed: Only part of a ReadProcessMemory or WriteProcessMemory request was completed. (0x12B)
[0116/181358.095:ERROR:process_memory_win.cc(73)] ReadMemory at 0x188e29fff60 of 54 bytes failed: Only part of a ReadProcessMemory or WriteProcessMemory request was completed. (0x12B)
[0116/181358.095:ERROR:process_memory_win.cc(73)] ReadMemory at 0x188e2a01130 of 132 bytes failed: Only part of a ReadProcessMemory or WriteProcessMemory request was completed. (0x12B)
[0116/181358.095:ERROR:process_memory_win.cc(73)] ReadMemory at 0x188e2a01260 of 132 bytes failed: Only part of a ReadProcessMemory or WriteProcessMemory request was completed. (0x12B)
[0116/181358.095:ERROR:process_memory_win.cc(73)] ReadMemory at 0x188e2a01390 of 132 bytes failed: Only part of a ReadProcessMemory or WriteProcessMemory request was completed. (0x12B)
[0116/181358.095:ERROR:process_memory_win.cc(73)] ReadMemory at 0x188e2a014c0 of 132 bytes failed: Only part of a ReadProcessMemory or WriteProcessMemory request was completed. (0x12B)
[0116/181358.095:ERROR:process_memory_win.cc(73)] ReadMemory at 0x188e2a015f0 of 132 bytes failed: Only part of a ReadProcessMemory or WriteProcessMemory request was completed. (0x12B)
[0116/181358.096:ERROR:process_memory_win.cc(73)] ReadMemory at 0x188e2a01720 of 132 bytes failed: Only part of a ReadProcessMemory or WriteProcessMemory request was completed. (0x12B)
[0116/181358.096:ERROR:process_memory_win.cc(73)] ReadMemory at 0x188e2a01850 of 132 bytes failed: Only part of a ReadProcessMemory or WriteProcessMemory request was completed. (0x12B)
[0116/181358.096:ERROR:process_memory_win.cc(73)] ReadMemory at 0x188e2a01980 of 132 bytes failed: Only part of a ReadProcessMemory or WriteProcessMemory request was completed. (0x12B)
[0116/181358.096:ERROR:process_memory_win.cc(73)] ReadMemory at 0x188e2a01ab0 of 132 bytes failed: Only part of a ReadProcessMemory or WriteProcessMemory request was completed. (0x12B)
[0116/181358.096:ERROR:process_memory_win.cc(73)] ReadMemory at 0x188e2a01be0 of 132 bytes failed: Only part of a ReadProcessMemory or WriteProcessMemory request was completed. (0x12B)
[0116/181358.096:ERROR:process_memory_win.cc(73)] ReadMemory at 0x188e2a01d10 of 132 bytes failed: Only part of a ReadProcessMemory or WriteProcessMemory request was completed. (0x12B)
[0116/181358.096:ERROR:process_memory_win.cc(73)] ReadMemory at 0x188e2a01e40 of 132 bytes failed: Only part of a ReadProcessMemory or WriteProcessMemory request was completed. (0x12B)
[0116/181358.096:ERROR:process_memory_win.cc(73)] ReadMemory at 0x188e2a02200 of 132 bytes failed: Only part of a ReadProcessMemory or WriteProcessMemory request was completed. (0x12B)
[0116/181358.096:ERROR:process_memory_win.cc(73)] ReadMemory at 0x188e2a02470 of 132 bytes failed: Only part of a ReadProcessMemory or WriteProcessMemory request was completed. (0x12B)
[0116/181358.096:ERROR:process_memory_win.cc(73)] ReadMemory at 0x188e2a02b90 of 512 bytes failed: Only part of a ReadProcessMemory or WriteProcessMemory request was completed. (0x12B)
[0116/181358.096:ERROR:process_memory_win.cc(73)] ReadMemory at 0x188e2a03290 of 132 bytes failed: Only part of a ReadProcessMemory or WriteProcessMemory request was completed. (0x12B)
[0116/181358.096:ERROR:process_memory_win.cc(73)] ReadMemory at 0x188e2a07330 of 132 bytes failed: Only part of a ReadProcessMemory or WriteProcessMemory request was completed. (0x12B)
[0116/181358.096:ERROR:process_memory_win.cc(73)] ReadMemory at 0x188e2a07460 of 132 bytes failed: Only part of a ReadProcessMemory or WriteProcessMemory request was completed. (0x12B)
[0116/181358.096:ERROR:process_memory_win.cc(73)] ReadMemory at 0x188e2a07590 of 132 bytes failed: Only part of a ReadProcessMemory or WriteProcessMemory request was completed. (0x12B)
[0116/181358.096:ERROR:process_memory_win.cc(73)] ReadMemory at 0x188e2a076c0 of 132 bytes failed: Only part of a ReadProcessMemory or WriteProcessMemory request was completed. (0x12B)
[0116/181358.097:ERROR:process_memory_win.cc(73)] ReadMemory at 0x188e2a077f0 of 132 bytes failed: Only part of a ReadProcessMemory or WriteProcessMemory request was completed. (0x12B)
[0116/181358.097:ERROR:process_memory_win.cc(73)] ReadMemory at 0x188e2a07920 of 132 bytes failed: Only part of a ReadProcessMemory or WriteProcessMemory request was completed. (0x12B)
[0116/181358.097:ERROR:process_memory_win.cc(73)] ReadMemory at 0x188e2a07a50 of 132 bytes failed: Only part of a ReadProcessMemory or WriteProcessMemory request was completed. (0x12B)
[0116/181358.097:ERROR:process_memory_win.cc(73)] ReadMemory at 0x188e2a07b80 of 132 bytes failed: Only part of a ReadProcessMemory or WriteProcessMemory request was completed. (0x12B)
[0116/181358.097:ERROR:process_memory_win.cc(73)] ReadMemory at 0x188e2a07cb0 of 132 bytes failed: Only part of a ReadProcessMemory or WriteProcessMemory request was completed. (0x12B)
[0116/181358.097:ERROR:process_memory_win.cc(73)] ReadMemory at 0x188e2a07de0 of 132 bytes failed: Only part of a ReadProcessMemory or WriteProcessMemory request was completed. (0x12B)
[0116/181358.097:ERROR:process_memory_win.cc(73)] ReadMemory at 0x188e2a07f10 of 132 bytes failed: Only part of a ReadProcessMemory or WriteProcessMemory request was completed. (0x12B)
[0116/181358.097:ERROR:process_memory_win.cc(73)] ReadMemory at 0x188e2a08040 of 132 bytes failed: Only part of a ReadProcessMemory or WriteProcessMemory request was completed. (0x12B)
[0116/181358.097:ERROR:process_memory_win.cc(73)] ReadMemory at 0x188e2a082a0 of 132 bytes failed: Only part of a ReadProcessMemory or WriteProcessMemory request was completed. (0x12B)
[0116/181358.097:ERROR:process_memory_win.cc(73)] ReadMemory at 0x188e2a083d0 of 132 bytes failed: Only part of a ReadProcessMemory or WriteProcessMemory request was completed. (0x12B)
[0116/181358.097:ERROR:process_memory_win.cc(73)] ReadMemory at 0x188e2a08500 of 132 bytes failed: Only part of a ReadProcessMemory or WriteProcessMemory request was completed. (0x12B)
[0116/181358.097:ERROR:process_memory_win.cc(73)] ReadMemory at 0x188e2a08630 of 132 bytes failed: Only part of a ReadProcessMemory or WriteProcessMemory request was completed. (0x12B)
[0116/181358.097:ERROR:process_memory_win.cc(73)] ReadMemory at 0x188e2a08760 of 132 bytes failed: Only part of a ReadProcessMemory or WriteProcessMemory request was completed. (0x12B)
[0116/181358.097:ERROR:process_memory_win.cc(73)] ReadMemory at 0x188e2a08af0 of 132 bytes failed: Only part of a ReadProcessMemory or WriteProcessMemory request was completed. (0x12B)
[0116/181358.097:ERROR:process_memory_win.cc(73)] ReadMemory at 0x188e2a08d50 of 132 bytes failed: Only part of a ReadProcessMemory or WriteProcessMemory request was completed. (0x12B)
[0116/181358.097:ERROR:process_memory_win.cc(73)] ReadMemory at 0x188e2a090e0 of 132 bytes failed: Only part of a ReadProcessMemory or WriteProcessMemory request was completed. (0x12B)
[0116/181358.098:ERROR:process_memory_win.cc(73)] ReadMemory at 0x188e2a09480 of 58 bytes failed: Only part of a ReadProcessMemory or WriteProcessMemory request was completed. (0x12B)
[0116/181358.098:ERROR:process_memory_win.cc(73)] ReadMemory at 0x188e2a095c0 of 62 bytes failed: Only part of a ReadProcessMemory or WriteProcessMemory request was completed. (0x12B)
[0116/181358.098:ERROR:process_memory_win.cc(73)] ReadMemory at 0x188e2a09750 of 62 bytes failed: Only part of a ReadProcessMemory or WriteProcessMemory request was completed. (0x12B)
[0116/181358.098:ERROR:process_memory_win.cc(73)] ReadMemory at 0x188e2a097f0 of 62 bytes failed: Only part of a ReadProcessMemory or WriteProcessMemory request was completed. (0x12B)
[0116/181358.098:ERROR:process_memory_win.cc(73)] ReadMemory at 0x188e2a09840 of 66 bytes failed: Only part of a ReadProcessMemory or WriteProcessMemory request was completed. (0x12B)
[0116/181358.098:ERROR:process_memory_win.cc(73)] ReadMemory at 0x188e2a09a70 of 60 bytes failed: Only part of a ReadProcessMemory or WriteProcessMemory request was completed. (0x12B)
[0116/181358.098:ERROR:process_memory_win.cc(73)] ReadMemory at 0x188e2a09ac0 of 60 bytes failed: Only part of a ReadProcessMemory or WriteProcessMemory request was completed. (0x12B)
[0116/181358.098:ERROR:process_memory_win.cc(73)] ReadMemory at 0x188e2a09bb0 of 64 bytes failed: Only part of a ReadProcessMemory or WriteProcessMemory request was completed. (0x12B)
[0116/181358.098:ERROR:process_memory_win.cc(73)] ReadMemory at 0x188e2a09c00 of 64 bytes failed: Only part of a ReadProcessMemory or WriteProcessMemory request was completed. (0x12B)
[0116/181358.098:ERROR:process_memory_win.cc(73)] ReadMemory at 0x188e2a09d90 of 62 bytes failed: Only part of a ReadProcessMemory or WriteProcessMemory request was completed. (0x12B)
[0116/181358.098:ERROR:process_memory_win.cc(73)] ReadMemory at 0x188e2a0a1a0 of 66 bytes failed: Only part of a ReadProcessMemory or WriteProcessMemory request was completed. (0x12B)
[0116/181358.098:ERROR:process_memory_win.cc(73)] ReadMemory at 0x188e2a199e0 of 60 bytes failed: Only part of a ReadProcessMemory or WriteProcessMemory request was completed. (0x12B)
[0116/181358.098:ERROR:process_memory_win.cc(73)] ReadMemory at 0x188e2a19c10 of 60 bytes failed: Only part of a ReadProcessMemory or WriteProcessMemory request was completed. (0x12B)
[0116/181358.098:ERROR:process_memory_win.cc(73)] ReadMemory at 0x188e2a19c60 of 60 bytes failed: Only part of a ReadProcessMemory or WriteProcessMemory request was completed. (0x12B)
[0116/181358.098:ERROR:process_memory_win.cc(73)] ReadMemory at 0x188e2a19ee0 of 58 bytes failed: Only part of a ReadProcessMemory or WriteProcessMemory request was completed. (0x12B)
[0116/181358.098:ERROR:process_memory_win.cc(73)] ReadMemory at 0x188e2a1a160 of 64 bytes failed: Only part of a ReadProcessMemory or WriteProcessMemory request was completed. (0x12B)
[0116/181358.099:ERROR:process_memory_win.cc(73)] ReadMemory at 0x188e2a24590 of 512 bytes failed: Only part of a ReadProcessMemory or WriteProcessMemory request was completed. (0x12B)
[0116/181358.099:ERROR:process_memory_win.cc(73)] ReadMemory at 0x188e2e0afc0 of 512 bytes failed: Only part of a ReadProcessMemory or WriteProcessMemory request was completed. (0x12B)
[0116/181358.099:ERROR:process_memory_win.cc(73)] ReadMemory at 0x188e2e31160 of 712 bytes failed: Only part of a ReadProcessMemory or WriteProcessMemory request was completed. (0x12B)
[0116/181358.099:ERROR:process_memory_win.cc(73)] ReadMemory at 0x188e2e3a380 of 512 bytes failed: Only part of a ReadProcessMemory or WriteProcessMemory request was completed. (0x12B)
[0116/181358.099:ERROR:process_memory_win.cc(73)] ReadMemory at 0x188e2e5ec08 of 512 bytes failed: Only part of a ReadProcessMemory or WriteProcessMemory request was completed. (0x12B)
[0116/181358.099:ERROR:process_memory_win.cc(73)] ReadMemory at 0x188e2e5f2c8 of 512 bytes failed: Only part of a ReadProcessMemory or WriteProcessMemory request was completed. (0x12B)
[0116/181358.099:ERROR:process_memory_win.cc(73)] ReadMemory at 0x188e4ed8720 of 512 bytes failed: Only part of a ReadProcessMemory or WriteProcessMemory request was completed. (0x12B)
[0116/181358.099:ERROR:process_memory_win.cc(73)] ReadMemory at 0x188e4ed9da0 of 568 bytes failed: Only part of a ReadProcessMemory or WriteProcessMemory request was completed. (0x12B)
[0116/181358.099:ERROR:process_memory_win.cc(73)] ReadMemory at 0x188e5038139 of 512 bytes failed: Only part of a ReadProcessMemory or WriteProcessMemory request was completed. (0x12B)
[0116/181358.099:ERROR:process_memory_win.cc(73)] ReadMemory at 0x188e52b4281 of 512 bytes failed: Only part of a ReadProcessMemory or WriteProcessMemory request was completed. (0x12B)
[0116/181358.099:ERROR:process_memory_win.cc(73)] ReadMemory at 0x188e53249e0 of 520 bytes failed: Only part of a ReadProcessMemory or WriteProcessMemory request was completed. (0x12B)
[0116/181358.099:ERROR:process_memory_win.cc(73)] ReadMemory at 0x188e534e090 of 512 bytes failed: Only part of a ReadProcessMemory or WriteProcessMemory request was completed. (0x12B)
[0116/181358.099:ERROR:process_memory_win.cc(73)] ReadMemory at 0x188e55a6340 of 512 bytes failed: Only part of a ReadProcessMemory or WriteProcessMemory request was completed. (0x12B)
[0116/181358.099:ERROR:process_memory_win.cc(73)] ReadMemory at 0x188e55a73c0 of 512 bytes failed: Only part of a ReadProcessMemory or WriteProcessMemory request was completed. (0x12B)
[0116/181358.099:ERROR:process_memory_win.cc(73)] ReadMemory at 0x188e5cc05b8 of 512 bytes failed: Only part of a ReadProcessMemory or WriteProcessMemory request was completed. (0x12B)
[0116/181358.099:ERROR:process_memory_win.cc(73)] ReadMemory at 0x2de426e026b8 of 512 bytes failed: Only part of a ReadProcessMemory or WriteProcessMemory request was completed. (0x12B)
[0116/181358.100:ERROR:process_memory_win.cc(73)] ReadMemory at 0x7d1f0bc80000 of 384 bytes failed: Only part of a ReadProcessMemory or WriteProcessMemory request was completed. (0x12B)
[0116/181358.100:ERROR:process_memory_win.cc(73)] ReadMemory at 0x7d1f0bc8b5a8 of 512 bytes failed: Only part of a ReadProcessMemory or WriteProcessMemory request was completed. (0x12B)
[0116/181358.100:ERROR:process_memory_win.cc(73)] ReadMemory at 0x7ffcf0ef4e34 of 512 bytes failed: Only part of a ReadProcessMemory or WriteProcessMemory request was completed. (0x12B)
[0116/181358.100:ERROR:process_memory_win.cc(73)] ReadMemory at 0x7ffcf29aeeac of 512 bytes failed: Only part of a ReadProcessMemory or WriteProcessMemory request was completed. (0x12B)
[0116/181358.100:ERROR:process_memory_win.cc(73)] ReadMemory at 0x7ffcf5775450 of 512 bytes failed: Only part of a ReadProcessMemory or WriteProcessMemory request was completed. (0x12B)
[0116/181358.100:ERROR:process_memory_win.cc(73)] ReadMemory at 0x7ffd0f94bab0 of 512 bytes failed: Only part of a ReadProcessMemory or WriteProcessMemory request was completed. (0x12B)
[0116/181358.100:ERROR:process_memory_win.cc(73)] ReadMemory at 0x7ffd30c4a308 of 512 bytes failed: Only part of a ReadProcessMemory or WriteProcessMemory request was completed. (0x12B)
[0116/181358.100:ERROR:process_memory_win.cc(73)] ReadMemory at 0x7ffd348879f0 of 512 bytes failed: Only part of a ReadProcessMemory or WriteProcessMemory request was completed. (0x12B)
[0116/181358.100:ERROR:process_memory_win.cc(73)] ReadMemory at 0x7ffd348882e0 of 512 bytes failed: Only part of a ReadProcessMemory or WriteProcessMemory request was completed. (0x12B)
[0116/181358.100:ERROR:process_memory_win.cc(73)] ReadMemory at 0x7ffd3488a0d0 of 512 bytes failed: Only part of a ReadProcessMemory or WriteProcessMemory request was completed. (0x12B)
[0116/181358.100:ERROR:process_memory_win.cc(73)] ReadMemory at 0x7ffd348fa9a4 of 832 bytes failed: Only part of a ReadProcessMemory or WriteProcessMemory request was completed. (0x12B)
[0116/181358.100:ERROR:process_memory_win.cc(73)] ReadMemory at 0x7ffd348fe214 of 608 bytes failed: Only part of a ReadProcessMemory or WriteProcessMemory request was completed. (0x12B)
[0116/181358.100:ERROR:process_memory_win.cc(73)] ReadMemory at 0x7ffd349801e0 of 18 bytes failed: Only part of a ReadProcessMemory or WriteProcessMemory request was completed. (0x12B)
[0116/181358.100:ERROR:process_memory_win.cc(73)] ReadMemory at 0x7ffd349b65b0 of 40 bytes failed: Only part of a ReadProcessMemory or WriteProcessMemory request was completed. (0x12B)
[0116/181358.100:ERROR:process_memory_win.cc(73)] ReadMemory at 0x7ffd349b6a08 of 48 bytes failed: Only part of a ReadProcessMemory or WriteProcessMemory request was completed. (0x12B)
[0116/181358.100:ERROR:process_memory_win.cc(73)] ReadMemory at 0x7ffd349bc360 of 64 bytes failed: Only part of a ReadProcessMemory or WriteProcessMemory request was completed. (0x12B)
[0116/181358.110:ERROR:scoped_process_suspend.cc(40)] NtResumeProcess: An attempt was made to access an exiting process. (0xc000010a)
[0312/111839.276:ERROR:process_memory_win.cc(73)] ReadMemory at 0x71df0000 of 64 bytes failed: Only part of a ReadProcessMemory or WriteProcessMemory request was completed. (0x12B)
[0312/111839.278:WARNING:pe_image_reader.cc(340)] could not read dos header from C:\Program Files\Immidio\Flex Profiles\FlexHook64.dll
[0312/111839.321:ERROR:scoped_process_suspend.cc(40)] NtResumeProcess: An attempt was made to access an exiting process. (0xc000010a)
[0827/150511.465:ERROR:process_reader_win.cc(188)] ResumeThread: The parameter is incorrect. (0x57)
[0827/150511.466:ERROR:process_reader_win.cc(151)] SuspendThread: Access is denied. (0x5)
[0827/150511.466:ERROR:process_reader_win.cc(151)] SuspendThread: Access is denied. (0x5)
[0827/150511.466:ERROR:process_reader_win.cc(151)] SuspendThread: Access is denied. (0x5)
[0827/150511.466:ERROR:process_reader_win.cc(151)] SuspendThread: Access is denied. (0x5)
[0827/150511.466:ERROR:process_reader_win.cc(151)] SuspendThread: Access is denied. (0x5)
[0827/150511.466:ERROR:process_reader_win.cc(151)] SuspendThread: Access is denied. (0x5)
[0827/150511.466:ERROR:process_reader_win.cc(151)] SuspendThread: Access is denied. (0x5)
[0827/150511.466:ERROR:process_reader_win.cc(151)] SuspendThread: Access is denied. (0x5)
[0827/150511.466:ERROR:process_reader_win.cc(151)] SuspendThread: Access is denied. (0x5)
[0827/150511.466:ERROR:process_reader_win.cc(151)] SuspendThread: Access is denied. (0x5)
[0827/150511.466:ERROR:process_reader_win.cc(151)] SuspendThread: Access is denied. (0x5)
[0827/150511.467:ERROR:process_reader_win.cc(151)] SuspendThread: Access is denied. (0x5)
[0827/150511.467:ERROR:exception_snapshot_win.cc(98)] thread ID 7412 not found in process
[0910/184335.368:ERROR:process_reader_win.cc(188)] ResumeThread: The parameter is incorrect. (0x57)
[0910/184335.372:ERROR:process_reader_win.cc(151)] SuspendThread: Access is denied. (0x5)
[0910/184335.372:ERROR:process_reader_win.cc(151)] SuspendThread: Access is denied. (0x5)
[0910/184335.589:ERROR:scoped_process_suspend.cc(40)] NtResumeProcess: An attempt was made to access an exiting process. (0xc000010a)
[1019/120046.400:ERROR:directory_reader_win.cc(43)] FindFirstFile: The system cannot find the path specified. (0x3)
[1019/120319.317:ERROR:directory_reader_win.cc(43)] FindFirstFile: The system cannot find the path specified. (0x3)
[1019/120358.358:ERROR:directory_reader_win.cc(43)] FindFirstFile: The system cannot find the path specified. (0x3)
[1019/124803.748:ERROR:directory_reader_win.cc(43)] FindFirstFile: The system cannot find the path specified. (0x3)
[1019/133748.791:ERROR:directory_reader_win.cc(43)] FindFirstFile: The system cannot find the path specified. (0x3)
[1019/133858.195:ERROR:directory_reader_win.cc(43)] FindFirstFile: The system cannot find the path specified. (0x3)
[1019/134009.609:ERROR:directory_reader_win.cc(43)] FindFirstFile: The system cannot find the path specified. (0x3)
[1019/143446.250:ERROR:directory_reader_win.cc(43)] FindFirstFile: The system cannot find the path specified. (0x3)
[1019/145012.844:ERROR:directory_reader_win.cc(43)] FindFirstFile: The system cannot find the path specified. (0x3)
[1019/145739.502:ERROR:directory_reader_win.cc(43)] FindFirstFile: The system cannot find the path specified. (0x3)
[1019/150147.767:ERROR:directory_reader_win.cc(43)] FindFirstFile: The system cannot find the path specified. (0x3)
[1019/151400.120:ERROR:directory_reader_win.cc(43)] FindFirstFile: The system cannot find the path specified. (0x3)
[1019/152417.792:ERROR:directory_reader_win.cc(43)] FindFirstFile: The system cannot find the path specified. (0x3)
[1019/152852.833:ERROR:directory_reader_win.cc(43)] FindFirstFile: The system cannot find the path specified. (0x3)
[1019/155039.254:ERROR:directory_reader_win.cc(43)] FindFirstFile: The system cannot find the path specified. (0x3)
[1019/162721.462:ERROR:directory_reader_win.cc(43)] FindFirstFile: The system cannot find the path specified. (0x3)
[1019/164027.647:ERROR:directory_reader_win.cc(43)] FindFirstFile: The system cannot find the path specified. (0x3)
[1019/164721.492:ERROR:directory_reader_win.cc(43)] FindFirstFile: The system cannot find the path specified. (0x3)
[1019/165702.274:ERROR:directory_reader_win.cc(43)] FindFirstFile: The system cannot find the path specified. (0x3)
[1019/170238.727:ERROR:directory_reader_win.cc(43)] FindFirstFile: The system cannot find the path specified. (0x3)
[1019/170704.195:ERROR:directory_reader_win.cc(43)] FindFirstFile: The system cannot find the path specified. (0x3)
[1019/171924.477:ERROR:directory_reader_win.cc(43)] FindFirstFile: The system cannot find the path specified. (0x3)
[1019/172437.295:ERROR:directory_reader_win.cc(43)] FindFirstFile: The system cannot find the path specified. (0x3)
[1019/173137.865:ERROR:directory_reader_win.cc(43)] FindFirstFile: The system cannot find the path specified. (0x3)
[1019/173928.682:ERROR:directory_reader_win.cc(43)] FindFirstFile: The system cannot find the path specified. (0x3)
[1019/174152.803:ERROR:directory_reader_win.cc(43)] FindFirstFile: The system cannot find the path specified. (0x3)
[1019/180013.650:ERROR:directory_reader_win.cc(43)] FindFirstFile: The system cannot find the path specified. (0x3)
[1019/181733.589:ERROR:directory_reader_win.cc(43)] FindFirstFile: The system cannot find the path specified. (0x3)
[1019/182339.441:ERROR:directory_reader_win.cc(43)] FindFirstFile: The system cannot find the path specified. (0x3)
[1020/102423.162:ERROR:directory_reader_win.cc(43)] FindFirstFile: The system cannot find the path specified. (0x3)
[1020/102944.239:ERROR:directory_reader_win.cc(43)] FindFirstFile: The system cannot find the path specified. (0x3)
[1028/110134.308:ERROR:directory_reader_win.cc(43)] FindFirstFile: The system cannot find the path specified. (0x3)
[1028/110156.632:ERROR:directory_reader_win.cc(43)] FindFirstFile: The system cannot find the path specified. (0x3)
[1028/110217.036:ERROR:directory_reader_win.cc(43)] FindFirstFile: The system cannot find the path specified. (0x3)
[1028/110237.284:ERROR:directory_reader_win.cc(43)] FindFirstFile: The system cannot find the path specified. (0x3)
[1028/110257.455:ERROR:directory_reader_win.cc(43)] FindFirstFile: The system cannot find the path specified. (0x3)
[1028/152409.252:ERROR:directory_reader_win.cc(43)] FindFirstFile: The system cannot find the path specified. (0x3)
[1028/152516.953:ERROR:directory_reader_win.cc(43)] FindFirstFile: The system cannot find the path specified. (0x3)
[1028/153108.609:ERROR:directory_reader_win.cc(43)] FindFirstFile: The system cannot find the path specified. (0x3)
[1028/154207.524:ERROR:directory_reader_win.cc(43)] FindFirstFile: The system cannot find the path specified. (0x3)
[1028/154722.258:ERROR:directory_reader_win.cc(43)] FindFirstFile: The system cannot find the path specified. (0x3)
[1104/102000.531:ERROR:directory_reader_win.cc(43)] FindFirstFile: The system cannot find the path specified. (0x3)
[1104/102705.532:ERROR:directory_reader_win.cc(43)] FindFirstFile: The system cannot find the path specified. (0x3)
[1104/102841.204:ERROR:directory_reader_win.cc(43)] FindFirstFile: The system cannot find the path specified. (0x3)
[1104/103235.095:ERROR:directory_reader_win.cc(43)] FindFirstFile: The system cannot find the path specified. (0x3)
[1110/092131.509:ERROR:directory_reader_win.cc(43)] FindFirstFile: The system cannot find the path specified. (0x3)
[1110/092539.160:ERROR:directory_reader_win.cc(43)] FindFirstFile: The system cannot find the path specified. (0x3)
[1110/092700.409:ERROR:directory_reader_win.cc(43)] FindFirstFile: The system cannot find the path specified. (0x3)
[1110/093058.763:ERROR:directory_reader_win.cc(43)] FindFirstFile: The system cannot find the path specified. (0x3)
[1110/093243.288:ERROR:directory_reader_win.cc(43)] FindFirstFile: The system cannot find the path specified. (0x3)
[1110/093406.620:ERROR:directory_reader_win.cc(43)] FindFirstFile: The system cannot find the path specified. (0x3)
[1110/093440.313:ERROR:directory_reader_win.cc(43)] FindFirstFile: The system cannot find the path specified. (0x3)
[1110/095001.536:ERROR:directory_reader_win.cc(43)] FindFirstFile: The system cannot find the path specified. (0x3)
[1110/101330.191:ERROR:directory_reader_win.cc(43)] FindFirstFile: The system cannot find the path specified. (0x3)
[1110/102639.155:ERROR:directory_reader_win.cc(43)] FindFirstFile: The system cannot find the path specified. (0x3)
[1110/105045.804:ERROR:directory_reader_win.cc(43)] FindFirstFile: The system cannot find the path specified. (0x3)
[1110/110109.605:ERROR:directory_reader_win.cc(43)] FindFirstFile: The system cannot find the path specified. (0x3)
[1110/111212.914:ERROR:directory_reader_win.cc(43)] FindFirstFile: The system cannot find the path specified. (0x3)
[1110/114915.807:ERROR:directory_reader_win.cc(43)] FindFirstFile: The system cannot find the path specified. (0x3)
[1110/120620.623:ERROR:directory_reader_win.cc(43)] FindFirstFile: The system cannot find the path specified. (0x3)
[1110/124050.229:ERROR:directory_reader_win.cc(43)] FindFirstFile: The system cannot find the path specified. (0x3)
[1110/125808.547:ERROR:directory_reader_win.cc(43)] FindFirstFile: The system cannot find the path specified. (0x3)
[1110/150934.495:ERROR:directory_reader_win.cc(43)] FindFirstFile: The system cannot find the path specified. (0x3)
[1110/154251.001:ERROR:directory_reader_win.cc(43)] FindFirstFile: The system cannot find the path specified. (0x3)
[1110/164625.449:ERROR:directory_reader_win.cc(43)] FindFirstFile: The system cannot find the path specified. (0x3)
[1110/170140.685:ERROR:directory_reader_win.cc(43)] FindFirstFile: The system cannot find the path specified. (0x3)
[1110/172020.607:ERROR:directory_reader_win.cc(43)] FindFirstFile: The system cannot find the path specified. (0x3)
[1110/172654.839:ERROR:directory_reader_win.cc(43)] FindFirstFile: The system cannot find the path specified. (0x3)
